{"obj": {"type": "AssignString", "path": ["sys", "name"], "value": "Untitled"}, "version": 1}
{"obj": {"type": "AssignString", "path": ["sys", "description"], "value": ""}, "version": 2}
{"obj": {"type": "AssignString", "path": ["sys", "hostname"], "value": "argod"}, "version": 3}
{"obj": {"type": "AssignBool", "path": ["sys", "failed"], "value": false}, "version": 4}
{"obj": {"type": "ClearStringLog", "path": ["monitoring", "stdout"]}, "version": 5}
{"obj": {"type": "ClearStringLog", "path": ["monitoring", "stderr"]}, "version": 6}
{"obj": {"type": "AssignString", "path": ["source_code", "entrypoint"], "value": "tune_hyperparameter.py"}, "version": 7}
{"obj": {"type": "UploadFileSet", "path": ["source_code", "files"], "file_globs": ["/home/harsh/Desktop/SDE/Non_linear_Score_based_MNIST/tune_hyperparameter.py"], "reset": "False"}, "version": 8}
{"obj": {"type": "ConfigFloatSeries", "path": ["monitoring", "cpu"], "min": 0.0, "max": 100.0, "unit": "%"}, "version": 9}
{"obj": {"type": "ClearFloatLog", "path": ["monitoring", "cpu"]}, "version": 10}
{"obj": {"type": "ConfigFloatSeries", "path": ["monitoring", "memory"], "min": 0.0, "max": 125.58989334106445, "unit": "GB"}, "version": 11}
{"obj": {"type": "ClearFloatLog", "path": ["monitoring", "memory"]}, "version": 12}
{"obj": {"type": "ConfigFloatSeries", "path": ["monitoring", "gpu_0"], "min": 0.0, "max": 100.0, "unit": "%"}, "version": 13}
{"obj": {"type": "ClearFloatLog", "path": ["monitoring", "gpu_0"]}, "version": 14}
{"obj": {"type": "ConfigFloatSeries", "path": ["monitoring", "gpu_1"], "min": 0.0, "max": 100.0, "unit": "%"}, "version": 15}
{"obj": {"type": "ClearFloatLog", "path": ["monitoring", "gpu_1"]}, "version": 16}
{"obj": {"type": "ConfigFloatSeries", "path": ["monitoring", "gpu_2"], "min": 0.0, "max": 100.0, "unit": "%"}, "version": 17}
{"obj": {"type": "ClearFloatLog", "path": ["monitoring", "gpu_2"]}, "version": 18}
{"obj": {"type": "ConfigFloatSeries", "path": ["monitoring", "gpu_memory_0"], "min": 0.0, "max": 10.76116943359375, "unit": "GB"}, "version": 19}
{"obj": {"type": "ClearFloatLog", "path": ["monitoring", "gpu_memory_0"]}, "version": 20}
{"obj": {"type": "ConfigFloatSeries", "path": ["monitoring", "gpu_memory_1"], "min": 0.0, "max": 10.76116943359375, "unit": "GB"}, "version": 21}
{"obj": {"type": "ClearFloatLog", "path": ["monitoring", "gpu_memory_1"]}, "version": 22}
{"obj": {"type": "ConfigFloatSeries", "path": ["monitoring", "gpu_memory_2"], "min": 0.0, "max": 10.76116943359375, "unit": "GB"}, "version": 23}
{"obj": {"type": "ClearFloatLog", "path": ["monitoring", "gpu_memory_2"]}, "version": 24}
{"obj": {"type": "LogStrings", "path": ["monitoring", "stdout"], "values": [{"value": "", "step": null, "ts": 1636681796.4684281}]}, "version": 25}
{"obj": {"type": "LogStrings", "path": ["monitoring", "stdout"], "values": [{"value": "https://app.neptune.ai/mishraharsh169/loss-weight-optimize/e/LOSS-1\n", "step": null, "ts": 1636681796.4687276}]}, "version": 26}
{"obj": {"type": "LogStrings", "path": ["monitoring", "traceback"], "values": [{"value": "An uncaught exception occurred while run was active on worker argod.", "step": null, "ts": 1636681796.469687}, {"value": "Marking run as failed", "step": null, "ts": 1636681796.469687}, {"value": "Traceback:", "step": null, "ts": 1636681796.469687}, {"value": "  File \"/home/harsh/Desktop/SDE/Non_linear_Score_based_MNIST/tune_hyperparameter.py\", line 7, in <module>\n    neptune.create_experiment('loss_w_optimize', upload_source_files=['*.py'])\n", "step": null, "ts": 1636681796.469687}, {"value": "  File \"/home/harsh/anaconda3/envs/tf-gpu/lib/python3.9/site-packages/neptune/new/__init__.py\", line 38, in _raise_legacy_client_expected\n    raise NeptunePossibleLegacyUsageException()\n", "step": null, "ts": 1636681796.469687}, {"value": "", "step": null, "ts": 1636681796.469687}, {"value": "\u001b[95m", "step": null, "ts": 1636681796.469687}, {"value": "----NeptunePossibleLegacyUsageException----------------------------------------------------------------", "step": null, "ts": 1636681796.469687}, {"value": "\u001b[0m", "step": null, "ts": 1636681796.469687}, {"value": "It seems you are trying to use legacy API, but imported the new one.", "step": null, "ts": 1636681796.469687}, {"value": "", "step": null, "ts": 1636681796.469687}, {"value": "Simply update your import statement to:", "step": null, "ts": 1636681796.469687}, {"value": "    \u001b[96mimport neptune\u001b[0m", "step": null, "ts": 1636681796.469687}, {"value": "", "step": null, "ts": 1636681796.469687}, {"value": "You may want to check the Legacy API docs:", "step": null, "ts": 1636681796.469687}, {"value": "    - https://docs-legacy.neptune.ai", "step": null, "ts": 1636681796.469687}, {"value": "", "step": null, "ts": 1636681796.469687}, {"value": "If you want to update your code with the new API we prepared a handy migration guide:", "step": null, "ts": 1636681796.469687}, {"value": "    - https://docs.neptune.ai/migration-guide", "step": null, "ts": 1636681796.469687}, {"value": "", "step": null, "ts": 1636681796.469687}, {"value": "You can read more about neptune.new in the release blog post:", "step": null, "ts": 1636681796.469687}, {"value": "    - https://neptune.ai/blog/neptune-new", "step": null, "ts": 1636681796.469687}, {"value": "", "step": null, "ts": 1636681796.469687}, {"value": "You may also want to check the following docs pages:", "step": null, "ts": 1636681796.469687}, {"value": "    - https://docs-legacy.neptune.ai/getting-started/integrate-neptune-into-your-codebase.html", "step": null, "ts": 1636681796.469687}, {"value": "", "step": null, "ts": 1636681796.469687}, {"value": "\u001b[92mNeed help?\u001b[0m-> https://docs.neptune.ai/getting-started/getting-help", "step": null, "ts": 1636681796.469687}, {"value": "", "step": null, "ts": 1636681796.469687}]}, "version": 27}
{"obj": {"type": "AssignBool", "path": ["sys", "failed"], "value": true}, "version": 28}
{"obj": {"type": "LogStrings", "path": ["monitoring", "stderr"], "values": [{"value": "Traceback (most recent call last):\n", "step": null, "ts": 1636681796.470003}]}, "version": 29}
{"obj": {"type": "LogStrings", "path": ["monitoring", "stderr"], "values": [{"value": "  File \"/home/harsh/Desktop/SDE/Non_linear_Score_based_MNIST/tune_hyperparameter.py\", line 7, in <module>\n", "step": null, "ts": 1636681796.4700952}]}, "version": 30}
{"obj": {"type": "LogStrings", "path": ["monitoring", "stderr"], "values": [{"value": "    ", "step": null, "ts": 1636681796.4702373}]}, "version": 31}
{"obj": {"type": "LogStrings", "path": ["monitoring", "stderr"], "values": [{"value": "neptune.create_experiment('loss_w_optimize', upload_source_files=['*.py'])", "step": null, "ts": 1636681796.4703147}]}, "version": 32}
{"obj": {"type": "LogStrings", "path": ["monitoring", "stderr"], "values": [{"value": "\n", "step": null, "ts": 1636681796.4703934}]}, "version": 33}
{"obj": {"type": "LogStrings", "path": ["monitoring", "stderr"], "values": [{"value": "  File \"/home/harsh/anaconda3/envs/tf-gpu/lib/python3.9/site-packages/neptune/new/__init__.py\", line 38, in _raise_legacy_client_expected\n", "step": null, "ts": 1636681796.4705253}]}, "version": 34}
{"obj": {"type": "LogStrings", "path": ["monitoring", "stderr"], "values": [{"value": "    ", "step": null, "ts": 1636681796.470782}]}, "version": 35}
{"obj": {"type": "LogStrings", "path": ["monitoring", "stderr"], "values": [{"value": "raise NeptunePossibleLegacyUsageException()", "step": null, "ts": 1636681796.4708588}]}, "version": 36}
{"obj": {"type": "LogStrings", "path": ["monitoring", "stderr"], "values": [{"value": "\n", "step": null, "ts": 1636681796.4713771}]}, "version": 37}
{"obj": {"type": "LogStrings", "path": ["monitoring", "stderr"], "values": [{"value": "neptune.new.exceptions", "step": null, "ts": 1636681796.471453}]}, "version": 38}
{"obj": {"type": "LogStrings", "path": ["monitoring", "stderr"], "values": [{"value": ".", "step": null, "ts": 1636681796.4715211}]}, "version": 39}
{"obj": {"type": "LogStrings", "path": ["monitoring", "stderr"], "values": [{"value": "NeptunePossibleLegacyUsageException", "step": null, "ts": 1636681796.4715886}]}, "version": 40}
{"obj": {"type": "LogStrings", "path": ["monitoring", "stderr"], "values": [{"value": ": ", "step": null, "ts": 1636681796.4716566}]}, "version": 41}
{"obj": {"type": "LogStrings", "path": ["monitoring", "stderr"], "values": [{"value": "\n\u001b[95m\n----NeptunePossibleLegacyUsageException----------------------------------------------------------------\n\u001b[0m\nIt seems you are trying to use legacy API, but imported the new one.\n\nSimply update your import statement to:\n    \u001b[96mimport neptune\u001b[0m\n\nYou may want to check the Legacy API docs:\n    - https://docs-legacy.neptune.ai\n\nIf you want to update your code with the new API we prepared a handy migration guide:\n    - https://docs.neptune.ai/migration-guide\n\nYou can read more about neptune.new in the release blog post:\n    - https://neptune.ai/blog/neptune-new\n\nYou may also want to check the following docs pages:\n    - https://docs-legacy.neptune.ai/getting-started/integrate-neptune-into-your-codebase.html\n\n\u001b[92mNeed help?\u001b[0m-> https://docs.neptune.ai/getting-started/getting-help\n", "step": null, "ts": 1636681796.4717405}]}, "version": 42}
{"obj": {"type": "LogStrings", "path": ["monitoring", "stderr"], "values": [{"value": "\n", "step": null, "ts": 1636681796.4718778}]}, "version": 43}
{"obj": {"type": "LogStrings", "path": ["monitoring", "stdout"], "values": [{"value": "Shutting down background jobs, please wait a moment...\n", "step": null, "ts": 1636681796.4720607}]}, "version": 44}
{"obj": {"type": "LogFloats", "path": ["monitoring", "cpu"], "values": [{"value": 3.9, "step": null, "ts": 1636681796.459287}]}, "version": 45}
{"obj": {"type": "LogFloats", "path": ["monitoring", "memory"], "values": [{"value": 26.570777893066406, "step": null, "ts": 1636681796.459287}]}, "version": 46}
{"obj": {"type": "LogFloats", "path": ["monitoring", "gpu_memory_0"], "values": [{"value": 4.9886474609375, "step": null, "ts": 1636681796.459287}]}, "version": 47}
{"obj": {"type": "LogFloats", "path": ["monitoring", "gpu_memory_1"], "values": [{"value": 4.8538818359375, "step": null, "ts": 1636681796.459287}]}, "version": 48}
{"obj": {"type": "LogFloats", "path": ["monitoring", "gpu_memory_2"], "values": [{"value": 6.04193115234375, "step": null, "ts": 1636681796.459287}]}, "version": 49}
